<?xml version="1.0" encoding="UTF-8"?>
<!-- Generated by org.testng.reporters.JUnitReportReporter -->
<testsuite hostname="DESKTOP-47S5PBP" failures="0" tests="7" name="testCase.TC01" time="404.164" errors="0" timestamp="2023-04-10T13:40:33 IST" skipped="0">
  <testcase classname="testCase.TC01" name="verifyMouseHover" time="41.196"/>
  <system-out/>
  <testcase classname="testCase.TC01" name="verifySearchBar" time="79.809"/>
  <system-out/>
  <testcase classname="testCase.TC01" name="verifyScrollUp" time="70.051"/>
  <system-out/>
  <testcase classname="testCase.TC01" name="verifyGetWindowHandle" time="60.463"/>
  <system-out/>
  <testcase classname="testCase.TC01" name="verifyScrollDown" time="60.483"/>
  <system-out/>
  <testcase classname="testCase.TC01" name="verifyCookiesHandle" time="30.884"/>
  <system-out/>
  <testcase classname="testCase.TC01" name="verifyLoginWithValidCredential" time="61.278"/>
  <system-out/>
</testsuite> <!-- testCase.TC01 -->
